2017-11-15 14:02:40,642 [Worker-0] INFO  c.g.t.t.d.PublishedGradleVersions - Gradle version information cache is up-to-date. Trying to read.
2017-11-15 14:07:27,627 [Worker-16] INFO  o.e.m.c.i.l.LifecycleMappingFactory - Using org.eclipse.m2e.jdt.JarLifecycleMapping lifecycle mapping for MavenProject: mrs:mrs:0.0.1-SNAPSHOT @ C:\work\pleiades\workspace_spring\2017\01\mrs\pom.xml.
2017-11-15 14:07:29,614 [Worker-16] INFO  o.e.m.j.i.AbstractJavaProjectConfigurator - Adding source folder /mrs/src/main/java
2017-11-15 14:07:29,629 [Worker-16] INFO  o.e.m.j.i.AbstractJavaProjectConfigurator - Adding resource folder /mrs/src/main/resources
2017-11-15 14:07:29,693 [Worker-16] INFO  o.e.m.j.i.AbstractJavaProjectConfigurator - Adding resource folder /mrs/src/main/resources
2017-11-15 14:07:29,727 [Worker-16] INFO  o.e.m.j.i.AbstractJavaProjectConfigurator - Adding source folder /mrs/src/test/java
2017-11-15 14:07:31,786 [Worker-16] INFO  o.e.m.c.i.p.ProjectConfigurationManager - Imported and configured 1 project(s) in 8 sec
2017-11-15 14:07:31,789 [Worker-16] INFO  o.e.m.c.i.p.ProjectConfigurationManager - Update started
2017-11-15 14:07:32,667 [Worker-16] INFO  o.e.m.c.i.l.LifecycleMappingFactory - Using org.eclipse.m2e.jdt.JarLifecycleMapping lifecycle mapping for MavenProject: mrs:mrs:0.0.1-SNAPSHOT @ C:\work\pleiades\workspace_spring\2017\01\mrs\pom.xml.
2017-11-15 14:07:34,178 [Worker-16] INFO  o.e.m.j.i.AbstractJavaProjectConfigurator - Adding source folder /mrs/src/main/java
2017-11-15 14:07:34,179 [Worker-16] INFO  o.e.m.j.i.AbstractJavaProjectConfigurator - Adding resource folder /mrs/src/main/resources
2017-11-15 14:07:34,179 [Worker-16] INFO  o.e.m.j.i.AbstractJavaProjectConfigurator - Adding resource folder /mrs/src/main/resources
2017-11-15 14:07:34,180 [Worker-16] INFO  o.e.m.j.i.AbstractJavaProjectConfigurator - Adding source folder /mrs/src/test/java
2017-11-15 14:07:34,627 [Worker-16] INFO  o.e.m.c.i.p.ProjectConfigurationManager - Update completed: 2 sec
2017-11-15 14:07:35,092 [Worker-22] INFO  o.e.m.c.i.p.ProjectConfigurationManager - Update started
2017-11-15 14:07:36,013 [Worker-22] INFO  o.e.m.c.i.l.LifecycleMappingFactory - Using org.eclipse.m2e.jdt.JarLifecycleMapping lifecycle mapping for MavenProject: mrs:mrs:0.0.1-SNAPSHOT @ C:\work\pleiades\workspace_spring\2017\01\mrs\pom.xml.
2017-11-15 14:07:36,578 [Worker-22] INFO  o.e.m.j.i.AbstractJavaProjectConfigurator - Adding source folder /mrs/src/main/java
2017-11-15 14:07:36,579 [Worker-22] INFO  o.e.m.j.i.AbstractJavaProjectConfigurator - Adding resource folder /mrs/src/main/resources
2017-11-15 14:07:36,579 [Worker-22] INFO  o.e.m.j.i.AbstractJavaProjectConfigurator - Adding resource folder /mrs/src/main/resources
2017-11-15 14:07:36,580 [Worker-22] INFO  o.e.m.j.i.AbstractJavaProjectConfigurator - Adding source folder /mrs/src/test/java
2017-11-15 14:07:36,789 [Worker-22] INFO  o.e.m.c.i.p.ProjectConfigurationManager - Update completed: 1 sec
2017-11-15 14:07:36,812 [Worker-19] INFO  o.e.m.c.i.p.ProjectConfigurationManager - Update started
2017-11-15 14:07:37,731 [Worker-19] INFO  o.e.m.c.i.l.LifecycleMappingFactory - Using org.eclipse.m2e.jdt.JarLifecycleMapping lifecycle mapping for MavenProject: mrs:mrs:0.0.1-SNAPSHOT @ C:\work\pleiades\workspace_spring\2017\01\mrs\pom.xml.
2017-11-15 14:07:38,213 [Worker-19] INFO  o.e.m.j.i.AbstractJavaProjectConfigurator - Adding source folder /mrs/src/main/java
2017-11-15 14:07:38,220 [Worker-19] INFO  o.e.m.j.i.AbstractJavaProjectConfigurator - Adding resource folder /mrs/src/main/resources
2017-11-15 14:07:38,228 [Worker-19] INFO  o.e.m.j.i.AbstractJavaProjectConfigurator - Adding resource folder /mrs/src/main/resources
2017-11-15 14:07:38,235 [Worker-19] INFO  o.e.m.j.i.AbstractJavaProjectConfigurator - Adding source folder /mrs/src/test/java
2017-11-15 14:07:38,412 [Worker-19] INFO  o.e.m.c.i.p.ProjectConfigurationManager - Update completed: 1 sec
2017-11-15 14:07:38,434 [Worker-22] INFO  o.e.m.c.i.p.ProjectConfigurationManager - Update started
2017-11-15 14:07:39,120 [Worker-22] INFO  o.e.m.c.i.l.LifecycleMappingFactory - Using org.eclipse.m2e.jdt.JarLifecycleMapping lifecycle mapping for MavenProject: mrs:mrs:0.0.1-SNAPSHOT @ C:\work\pleiades\workspace_spring\2017\01\mrs\pom.xml.
2017-11-15 14:07:39,567 [Worker-22] INFO  o.e.m.j.i.AbstractJavaProjectConfigurator - Adding source folder /mrs/src/main/java
2017-11-15 14:07:39,568 [Worker-22] INFO  o.e.m.j.i.AbstractJavaProjectConfigurator - Adding resource folder /mrs/src/main/resources
2017-11-15 14:07:39,576 [Worker-22] INFO  o.e.m.j.i.AbstractJavaProjectConfigurator - Adding resource folder /mrs/src/main/resources
2017-11-15 14:07:39,585 [Worker-22] INFO  o.e.m.j.i.AbstractJavaProjectConfigurator - Adding source folder /mrs/src/test/java
2017-11-15 14:07:39,772 [Worker-22] INFO  o.e.m.c.i.p.ProjectConfigurationManager - Update completed: 1 sec
2017-11-15 14:07:39,802 [Worker-20] INFO  o.e.m.c.i.p.ProjectConfigurationManager - Update started
2017-11-15 14:07:40,560 [Worker-20] INFO  o.e.m.c.i.l.LifecycleMappingFactory - Using org.eclipse.m2e.jdt.JarLifecycleMapping lifecycle mapping for MavenProject: mrs:mrs:0.0.1-SNAPSHOT @ C:\work\pleiades\workspace_spring\2017\01\mrs\pom.xml.
2017-11-15 14:07:41,173 [Worker-20] INFO  o.e.m.j.i.AbstractJavaProjectConfigurator - Adding source folder /mrs/src/main/java
2017-11-15 14:07:41,174 [Worker-20] INFO  o.e.m.j.i.AbstractJavaProjectConfigurator - Adding resource folder /mrs/src/main/resources
2017-11-15 14:07:41,176 [Worker-20] INFO  o.e.m.j.i.AbstractJavaProjectConfigurator - Adding resource folder /mrs/src/main/resources
2017-11-15 14:07:41,203 [Worker-20] INFO  o.e.m.j.i.AbstractJavaProjectConfigurator - Adding source folder /mrs/src/test/java
2017-11-15 14:07:41,403 [Worker-20] INFO  o.e.m.c.i.p.ProjectConfigurationManager - Update completed: 1 sec
2017-11-15 14:07:43,348 [Worker-21] INFO  o.e.m.c.i.embedder.EclipseLogger - Using 'UTF-8' encoding to copy filtered resources.
2017-11-15 14:07:43,354 [Worker-21] INFO  o.e.m.c.i.embedder.EclipseLogger - Copying 1 resource
2017-11-15 14:07:43,389 [Worker-21] INFO  o.e.m.c.i.embedder.EclipseLogger - Copying 0 resource
2017-11-15 14:07:43,403 [Worker-21] INFO  o.e.m.c.i.embedder.EclipseLogger - Using 'UTF-8' encoding to copy filtered resources.
2017-11-15 14:07:43,410 [Worker-21] INFO  o.e.m.c.i.embedder.EclipseLogger - skip non existing resourceDirectory C:\work\pleiades\workspace_spring\2017\01\mrs\src\test\resources
2017-11-15 14:07:44,635 [Worker-16] INFO  o.e.m.c.i.embedder.EclipseLogger - Using 'UTF-8' encoding to copy filtered resources.
2017-11-15 14:07:44,643 [Worker-16] INFO  o.e.m.c.i.embedder.EclipseLogger - Copying 0 resource
2017-11-15 14:07:44,650 [Worker-16] INFO  o.e.m.c.i.embedder.EclipseLogger - Copying 0 resource
2017-11-15 14:07:44,661 [Worker-16] INFO  o.e.m.c.i.embedder.EclipseLogger - Using 'UTF-8' encoding to copy filtered resources.
2017-11-15 14:07:44,661 [Worker-16] INFO  o.e.m.c.i.embedder.EclipseLogger - skip non existing resourceDirectory C:\work\pleiades\workspace_spring\2017\01\mrs\src\test\resources
